Using pre-set license
Built from '2020.3/staging' branch; Version is '2020.3.0f1 (c7b5465681fb) revision 13088070'; Using compiler version '192528614'; Build Type 'Release'
OS: 'Windows 10 Home Single Language; OS build 19041.867; Version 2004; 64bit' Language: 'en' Physical Memory: 8034 MB
BatchMode: 1, IsHumanControllingUs: 0, StartBugReporterOnCrash: 0, Is64bit: 1, IsPro: 0

 COMMAND LINE ARGUMENTS:
C:\Program Files\Unity\Hub\Editor\2020.3.0f1\Editor\Unity.exe
-adb2
-batchMode
-noUpm
-name
AssetImportWorker0
-projectPath
D:/Projects/FingerRush
-logFile
Logs/AssetImportWorker0.log
-srvPort
64734
Successfully changed project path to: D:/Projects/FingerRush
D:/Projects/FingerRush
Using Asset Import Pipeline V2.
Refreshing native plugins compatible for Editor in 166.02 ms, found 1 plugins.
Preloading 0 native plugins for Editor in 0.00 ms.
Initialize engine version: 2020.3.0f1 (c7b5465681fb)
[Subsystems] Discovering subsystems at path C:/Program Files/Unity/Hub/Editor/2020.3.0f1/Editor/Data/Resources/UnitySubsystems
[Subsystems] Discovering subsystems at path D:/Projects/FingerRush/Assets
GfxDevice: creating device client; threaded=0
Direct3D:
    Version:  Direct3D 11.0 [level 11.1]
    Renderer: Intel(R) UHD Graphics 630 (ID=0x3e9b)
    Vendor:   
    VRAM:     4017 MB
    Driver:   27.20.100.8681
Initialize mono
Mono path[0] = 'C:/Program Files/Unity/Hub/Editor/2020.3.0f1/Editor/Data/Managed'
Mono path[1] = 'C:/Program Files/Unity/Hub/Editor/2020.3.0f1/Editor/Data/MonoBleedingEdge/lib/mono/unityjit'
Mono config path = 'C:/Program Files/Unity/Hub/Editor/2020.3.0f1/Editor/Data/MonoBleedingEdge/etc'
Using monoOptions --debugger-agent=transport=dt_socket,embedding=1,server=y,suspend=n,address=127.0.0.1:56624
Begin MonoManager ReloadAssembly
Registering precompiled unity dll's ...
Register platform support module: C:/Program Files/Unity/Hub/Editor/2020.3.0f1/Editor/Data/PlaybackEngines/WebGLSupport/UnityEditor.WebGL.Extensions.dll
Register platform support module: C:/Program Files/Unity/Hub/Editor/2020.3.0f1/Editor/Data/PlaybackEngines/MacStandaloneSupport/UnityEditor.OSXStandalone.Extensions.dll
Register platform support module: C:/Program Files/Unity/Hub/Editor/2020.3.0f1/Editor/Data/PlaybackEngines/WindowsStandaloneSupport/UnityEditor.WindowsStandalone.Extensions.dll
Register platform support module: C:/Program Files/Unity/Hub/Editor/2020.3.0f1/Editor/Data/PlaybackEngines/LinuxStandaloneSupport/UnityEditor.LinuxStandalone.Extensions.dll
Registered in 0.016311 seconds.
Native extension for LinuxStandalone target not found
Native extension for WindowsStandalone target not found
Native extension for OSXStandalone target not found
Native extension for WebGL target not found
Refreshing native plugins compatible for Editor in 174.43 ms, found 1 plugins.
Preloading 0 native plugins for Editor in 0.00 ms.
Invoked RoslynAnalysisRunner static constructor.
RoslynAnalysisRunner will not be running.
RoslynAnalysisRunner has terminated.
Mono: successfully reloaded assembly
- Completed reload, in  7.811 seconds
Platform modules already initialized, skipping
Registering precompiled user dll's ...
Registered in 0.002089 seconds.
Begin MonoManager ReloadAssembly
Native extension for LinuxStandalone target not found
Native extension for WindowsStandalone target not found
Native extension for OSXStandalone target not found
Native extension for WebGL target not found
Refreshing native plugins compatible for Editor in 130.22 ms, found 1 plugins.
Preloading 0 native plugins for Editor in 0.00 ms.
Invoked RoslynAnalysisRunner static constructor.
RoslynAnalysisRunner will not be running.
RoslynAnalysisRunner has terminated.
Mono: successfully reloaded assembly
- Completed reload, in  3.859 seconds
Platform modules already initialized, skipping
========================================================================
Worker process is ready to serve import requests
Launched and connected shader compiler UnityShaderCompiler.exe after 0.17 seconds
Refreshing native plugins compatible for Editor in 9.07 ms, found 1 plugins.
Preloading 0 native plugins for Editor in 0.00 ms.
Unloading 1711 Unused Serialized files (Serialized files now loaded: 0)
System memory in use before: 83.5 MB.
System memory in use after: 83.6 MB.

Unloading 19 unused Assets to reduce memory usage. Loaded Objects now: 2159.
Total: 4.863200 ms (FindLiveObjects: 0.511500 ms CreateObjectMapping: 0.199500 ms MarkObjects: 3.946400 ms  DeleteObjects: 0.202500 ms)

========================================================================
Received Import Request.
  path: Assets/Scripts/Background.cs
  artifactKey: Guid(32308665c5236f747b31d514fdf2f101) Importer(815301076,1909f56bfc062723c751e8b465ee728b)
Start importing Assets/Scripts/Background.cs using Guid(32308665c5236f747b31d514fdf2f101) Importer(815301076,1909f56bfc062723c751e8b465ee728b)  -> (artifact id: '3a9163f7e9857bc9beb104612200cd34') in 0.110350 seconds
  Import took 0.121771 seconds .

========================================================================
Received Import Request.
  Time since last request: 0.001002 seconds.
  path: Assets/Scripts/GameControllers/GameManager.cs
  artifactKey: Guid(5907211c58fda5942a74bba1a68e7c39) Importer(815301076,1909f56bfc062723c751e8b465ee728b)
Start importing Assets/Scripts/GameControllers/GameManager.cs using Guid(5907211c58fda5942a74bba1a68e7c39) Importer(815301076,1909f56bfc062723c751e8b465ee728b)  -> (artifact id: 'f6baf1b6d3e5f669dead52430babd631') in 0.016282 seconds
  Import took 0.026873 seconds .

========================================================================
Received Import Request.
  Time since last request: 0.000550 seconds.
  path: Assets/Scripts/GameControllers
  artifactKey: Guid(0fb6575d8741a7e4db0e636409c548e2) Importer(815301076,1909f56bfc062723c751e8b465ee728b)
Start importing Assets/Scripts/GameControllers using Guid(0fb6575d8741a7e4db0e636409c548e2) Importer(815301076,1909f56bfc062723c751e8b465ee728b)  -> (artifact id: 'b08b6a03cb1b94040f752a3103d8f09e') in 0.015851 seconds
  Import took 0.027772 seconds .

========================================================================
Received Prepare
Refreshing native plugins compatible for Editor in 8.29 ms, found 1 plugins.
Preloading 0 native plugins for Editor in 0.00 ms.
Unloading 5 Unused Serialized files (Serialized files now loaded: 0)
System memory in use before: 48.7 MB.
System memory in use after: 48.8 MB.

Unloading 5 unused Assets to reduce memory usage. Loaded Objects now: 2159.
Total: 6.792000 ms (FindLiveObjects: 0.483700 ms CreateObjectMapping: 0.208200 ms MarkObjects: 6.036200 ms  DeleteObjects: 0.060100 ms)

========================================================================
Received Import Request.
  Time since last request: 106.968929 seconds.
  path: Assets/Scripts/Player
  artifactKey: Guid(ed9e301b0a8847247acf4832e0f4ee8a) Importer(815301076,1909f56bfc062723c751e8b465ee728b)
Start importing Assets/Scripts/Player using Guid(ed9e301b0a8847247acf4832e0f4ee8a) Importer(815301076,1909f56bfc062723c751e8b465ee728b)  -> (artifact id: '46f81f84097ebafabcced4585c0910f6') in 0.018770 seconds
  Import took 0.031926 seconds .

========================================================================
Received Import Request.
  Time since last request: 0.001336 seconds.
  path: Assets/Scripts/Player
  artifactKey: Guid(ed9e301b0a8847247acf4832e0f4ee8a) Importer(815301076,1909f56bfc062723c751e8b465ee728b)
Start importing Assets/Scripts/Player using Guid(ed9e301b0a8847247acf4832e0f4ee8a) Importer(815301076,1909f56bfc062723c751e8b465ee728b)  -> (artifact id: '46f81f84097ebafabcced4585c0910f6') in 0.007707 seconds
  Import took 0.018374 seconds .

========================================================================
Received Import Request.
  Time since last request: 0.986609 seconds.
  path: Assets/Scripts/Player/PlayerMovement.cs
  artifactKey: Guid(ba68593e158570f419d387ff0df3c389) Importer(815301076,1909f56bfc062723c751e8b465ee728b)
Start importing Assets/Scripts/Player/PlayerMovement.cs using Guid(ba68593e158570f419d387ff0df3c389) Importer(815301076,1909f56bfc062723c751e8b465ee728b)  -> (artifact id: 'dbfb85711e6c455328a52dd4dccb91cb') in 0.015503 seconds
  Import took 0.025154 seconds .

========================================================================
Received Prepare
Registering precompiled user dll's ...
Registered in 0.001916 seconds.
Begin MonoManager ReloadAssembly
Native extension for LinuxStandalone target not found
Native extension for WindowsStandalone target not found
Native extension for OSXStandalone target not found
Native extension for WebGL target not found
Refreshing native plugins compatible for Editor in 0.69 ms, found 1 plugins.
Preloading 0 native plugins for Editor in 0.00 ms.
Invoked RoslynAnalysisRunner static constructor.
RoslynAnalysisRunner will not be running.
RoslynAnalysisRunner has terminated.
Mono: successfully reloaded assembly
- Completed reload, in  2.754 seconds
Platform modules already initialized, skipping
Refreshing native plugins compatible for Editor in 0.97 ms, found 1 plugins.
Preloading 0 native plugins for Editor in 0.00 ms.
Unloading 1690 Unused Serialized files (Serialized files now loaded: 0)
System memory in use before: 82.2 MB.
System memory in use after: 82.3 MB.

Unloading 7 unused Assets to reduce memory usage. Loaded Objects now: 2163.
Total: 5.030700 ms (FindLiveObjects: 0.419300 ms CreateObjectMapping: 0.189500 ms MarkObjects: 4.366200 ms  DeleteObjects: 0.052700 ms)

========================================================================
Received Prepare
Registering precompiled user dll's ...
Registered in 0.001886 seconds.
Begin MonoManager ReloadAssembly
Native extension for LinuxStandalone target not found
Native extension for WindowsStandalone target not found
Native extension for OSXStandalone target not found
Native extension for WebGL target not found
Refreshing native plugins compatible for Editor in 0.96 ms, found 1 plugins.
Preloading 0 native plugins for Editor in 0.00 ms.
Invoked RoslynAnalysisRunner static constructor.
RoslynAnalysisRunner will not be running.
RoslynAnalysisRunner has terminated.
Mono: successfully reloaded assembly
- Completed reload, in  2.777 seconds
Platform modules already initialized, skipping
Refreshing native plugins compatible for Editor in 0.67 ms, found 1 plugins.
Preloading 0 native plugins for Editor in 0.00 ms.
Unloading 1690 Unused Serialized files (Serialized files now loaded: 0)
System memory in use before: 82.2 MB.
System memory in use after: 82.4 MB.

Unloading 7 unused Assets to reduce memory usage. Loaded Objects now: 2167.
Total: 6.424200 ms (FindLiveObjects: 0.510800 ms CreateObjectMapping: 0.324500 ms MarkObjects: 5.529200 ms  DeleteObjects: 0.057200 ms)

========================================================================
Received Prepare
Registering precompiled user dll's ...
Registered in 0.002057 seconds.
Begin MonoManager ReloadAssembly
Native extension for LinuxStandalone target not found
Native extension for WindowsStandalone target not found
Native extension for OSXStandalone target not found
Native extension for WebGL target not found
Refreshing native plugins compatible for Editor in 1.24 ms, found 1 plugins.
Preloading 0 native plugins for Editor in 0.00 ms.
Invoked RoslynAnalysisRunner static constructor.
RoslynAnalysisRunner will not be running.
RoslynAnalysisRunner has terminated.
Mono: successfully reloaded assembly
- Completed reload, in  2.785 seconds
Platform modules already initialized, skipping
Refreshing native plugins compatible for Editor in 0.70 ms, found 1 plugins.
Preloading 0 native plugins for Editor in 0.00 ms.
Unloading 1690 Unused Serialized files (Serialized files now loaded: 0)
System memory in use before: 82.3 MB.
System memory in use after: 82.4 MB.

Unloading 7 unused Assets to reduce memory usage. Loaded Objects now: 2171.
Total: 4.857000 ms (FindLiveObjects: 0.607200 ms CreateObjectMapping: 0.296000 ms MarkObjects: 3.903900 ms  DeleteObjects: 0.046400 ms)

========================================================================
Received Prepare
Registering precompiled user dll's ...
Registered in 0.001951 seconds.
Begin MonoManager ReloadAssembly
Native extension for LinuxStandalone target not found
Native extension for WindowsStandalone target not found
Native extension for OSXStandalone target not found
Native extension for WebGL target not found
Refreshing native plugins compatible for Editor in 0.94 ms, found 1 plugins.
Preloading 0 native plugins for Editor in 0.00 ms.
Invoked RoslynAnalysisRunner static constructor.
RoslynAnalysisRunner will not be running.
RoslynAnalysisRunner has terminated.
Mono: successfully reloaded assembly
- Completed reload, in  2.745 seconds
Platform modules already initialized, skipping
Refreshing native plugins compatible for Editor in 0.83 ms, found 1 plugins.
Preloading 0 native plugins for Editor in 0.00 ms.
Unloading 1690 Unused Serialized files (Serialized files now loaded: 0)
System memory in use before: 82.3 MB.
System memory in use after: 82.4 MB.

Unloading 7 unused Assets to reduce memory usage. Loaded Objects now: 2175.
Total: 5.958800 ms (FindLiveObjects: 0.517700 ms CreateObjectMapping: 0.235400 ms MarkObjects: 5.158400 ms  DeleteObjects: 0.044400 ms)

========================================================================
Received Import Request.
  Time since last request: 596.143927 seconds.
  path: Assets/Scripts/Player/PlayerMovement.cs
  artifactKey: Guid(ba68593e158570f419d387ff0df3c389) Importer(815301076,1909f56bfc062723c751e8b465ee728b)
Start importing Assets/Scripts/Player/PlayerMovement.cs using Guid(ba68593e158570f419d387ff0df3c389) Importer(815301076,1909f56bfc062723c751e8b465ee728b)  -> (artifact id: '0b4439a6cb2b5ac9b4e2507458ebf59d') in 0.012989 seconds
  Import took 0.024149 seconds .

========================================================================
Received Import Request.
  Time since last request: 0.001076 seconds.
  path: Assets/Scripts/Player/PlayerMovement.cs
  artifactKey: Guid(ba68593e158570f419d387ff0df3c389) Importer(815301076,1909f56bfc062723c751e8b465ee728b)
Start importing Assets/Scripts/Player/PlayerMovement.cs using Guid(ba68593e158570f419d387ff0df3c389) Importer(815301076,1909f56bfc062723c751e8b465ee728b)  -> (artifact id: '0b4439a6cb2b5ac9b4e2507458ebf59d') in 0.006334 seconds
  Import took 0.015556 seconds .

========================================================================
Received Prepare
Registering precompiled user dll's ...
Registered in 0.001900 seconds.
Begin MonoManager ReloadAssembly
Native extension for LinuxStandalone target not found
Native extension for WindowsStandalone target not found
Native extension for OSXStandalone target not found
Native extension for WebGL target not found
Refreshing native plugins compatible for Editor in 0.70 ms, found 1 plugins.
Preloading 0 native plugins for Editor in 0.00 ms.
Invoked RoslynAnalysisRunner static constructor.
RoslynAnalysisRunner will not be running.
RoslynAnalysisRunner has terminated.
Mono: successfully reloaded assembly
- Completed reload, in  2.745 seconds
Platform modules already initialized, skipping
Refreshing native plugins compatible for Editor in 0.69 ms, found 1 plugins.
Preloading 0 native plugins for Editor in 0.00 ms.
Unloading 1690 Unused Serialized files (Serialized files now loaded: 0)
System memory in use before: 82.3 MB.
System memory in use after: 82.4 MB.

Unloading 7 unused Assets to reduce memory usage. Loaded Objects now: 2179.
Total: 4.535700 ms (FindLiveObjects: 0.372100 ms CreateObjectMapping: 0.166300 ms MarkObjects: 3.952300 ms  DeleteObjects: 0.042900 ms)

========================================================================
Received Prepare
Registering precompiled user dll's ...
Registered in 0.003707 seconds.
Begin MonoManager ReloadAssembly
Native extension for LinuxStandalone target not found
Native extension for WindowsStandalone target not found
Native extension for OSXStandalone target not found
Native extension for WebGL target not found
Refreshing native plugins compatible for Editor in 0.69 ms, found 1 plugins.
Preloading 0 native plugins for Editor in 0.00 ms.
Invoked RoslynAnalysisRunner static constructor.
RoslynAnalysisRunner will not be running.
RoslynAnalysisRunner has terminated.
Mono: successfully reloaded assembly
- Completed reload, in  2.787 seconds
Platform modules already initialized, skipping
Refreshing native plugins compatible for Editor in 0.84 ms, found 1 plugins.
Preloading 0 native plugins for Editor in 0.00 ms.
Unloading 1690 Unused Serialized files (Serialized files now loaded: 0)
System memory in use before: 82.3 MB.
System memory in use after: 82.4 MB.

Unloading 7 unused Assets to reduce memory usage. Loaded Objects now: 2183.
Total: 5.489000 ms (FindLiveObjects: 0.413900 ms CreateObjectMapping: 0.275900 ms MarkObjects: 4.734100 ms  DeleteObjects: 0.061300 ms)

========================================================================
Received Import Request.
  Time since last request: 114.175264 seconds.
  path: Assets/Scripts/Player/PlayerMovement.cs
  artifactKey: Guid(ba68593e158570f419d387ff0df3c389) Importer(815301076,1909f56bfc062723c751e8b465ee728b)
Start importing Assets/Scripts/Player/PlayerMovement.cs using Guid(ba68593e158570f419d387ff0df3c389) Importer(815301076,1909f56bfc062723c751e8b465ee728b)  -> (artifact id: 'ce8a084d9fcf368613eca2154714ce03') in 0.015112 seconds
  Import took 0.027918 seconds .

