Using pre-set license
Built from '2020.3/staging' branch; Version is '2020.3.0f1 (c7b5465681fb) revision 13088070'; Using compiler version '192528614'; Build Type 'Release'
OS: 'Windows 10 Pro; OS build 19042.906; Version 2009; 64bit' Language: 'en' Physical Memory: 16249 MB
BatchMode: 1, IsHumanControllingUs: 0, StartBugReporterOnCrash: 0, Is64bit: 1, IsPro: 0

 COMMAND LINE ARGUMENTS:
C:\Program Files\Unity\Hub\Editor\2019.4.17f1\Editor\2020.3.0f1\Editor\Unity.exe
-adb2
-batchMode
-noUpm
-name
AssetImportWorker8
-projectPath
D:/Projects/GitHub/FingerRush
-logFile
Logs/AssetImportWorker8.log
-srvPort
61348
Successfully changed project path to: D:/Projects/GitHub/FingerRush
D:/Projects/GitHub/FingerRush
Using Asset Import Pipeline V2.
Refreshing native plugins compatible for Editor in 78.42 ms, found 1 plugins.
Preloading 0 native plugins for Editor in 0.00 ms.
Initialize engine version: 2020.3.0f1 (c7b5465681fb)
[Subsystems] Discovering subsystems at path C:/Program Files/Unity/Hub/Editor/2019.4.17f1/Editor/2020.3.0f1/Editor/Data/Resources/UnitySubsystems
[Subsystems] Discovering subsystems at path D:/Projects/GitHub/FingerRush/Assets
GfxDevice: creating device client; threaded=0
Direct3D:
    Version:  Direct3D 11.0 [level 11.1]
    Renderer: Intel(R) HD Graphics 530 (ID=0x1912)
    Vendor:   
    VRAM:     8124 MB
    Driver:   27.20.100.8681
Initialize mono
Mono path[0] = 'C:/Program Files/Unity/Hub/Editor/2019.4.17f1/Editor/2020.3.0f1/Editor/Data/Managed'
Mono path[1] = 'C:/Program Files/Unity/Hub/Editor/2019.4.17f1/Editor/2020.3.0f1/Editor/Data/MonoBleedingEdge/lib/mono/unityjit'
Mono config path = 'C:/Program Files/Unity/Hub/Editor/2019.4.17f1/Editor/2020.3.0f1/Editor/Data/MonoBleedingEdge/etc'
Using monoOptions --debugger-agent=transport=dt_socket,embedding=1,server=y,suspend=n,address=127.0.0.1:56920
Begin MonoManager ReloadAssembly
Registering precompiled unity dll's ...
Register platform support module: C:/Program Files/Unity/Hub/Editor/2019.4.17f1/Editor/2020.3.0f1/Editor/Data/PlaybackEngines/WebGLSupport/UnityEditor.WebGL.Extensions.dll
Register platform support module: C:/Program Files/Unity/Hub/Editor/2019.4.17f1/Editor/2020.3.0f1/Editor/Data/PlaybackEngines/MacStandaloneSupport/UnityEditor.OSXStandalone.Extensions.dll
Register platform support module: C:/Program Files/Unity/Hub/Editor/2019.4.17f1/Editor/2020.3.0f1/Editor/Data/PlaybackEngines/WindowsStandaloneSupport/UnityEditor.WindowsStandalone.Extensions.dll
Register platform support module: C:/Program Files/Unity/Hub/Editor/2019.4.17f1/Editor/2020.3.0f1/Editor/Data/PlaybackEngines/LinuxStandaloneSupport/UnityEditor.LinuxStandalone.Extensions.dll
Registered in 0.005706 seconds.
Native extension for LinuxStandalone target not found
Native extension for WindowsStandalone target not found
Native extension for OSXStandalone target not found
Native extension for WebGL target not found
Refreshing native plugins compatible for Editor in 59.49 ms, found 1 plugins.
Preloading 0 native plugins for Editor in 0.00 ms.
Invoked RoslynAnalysisRunner static constructor.
RoslynAnalysisRunner will not be running.
RoslynAnalysisRunner has terminated.
Mono: successfully reloaded assembly
- Completed reload, in  3.500 seconds
Platform modules already initialized, skipping
Registering precompiled user dll's ...
Registered in 0.001197 seconds.
Begin MonoManager ReloadAssembly
Native extension for LinuxStandalone target not found
Native extension for WindowsStandalone target not found
Native extension for OSXStandalone target not found
Native extension for WebGL target not found
Refreshing native plugins compatible for Editor in 46.22 ms, found 1 plugins.
Preloading 0 native plugins for Editor in 0.00 ms.
Invoked RoslynAnalysisRunner static constructor.
RoslynAnalysisRunner will not be running.
RoslynAnalysisRunner has terminated.
Mono: successfully reloaded assembly
- Completed reload, in  2.079 seconds
Platform modules already initialized, skipping
========================================================================
Worker process is ready to serve import requests
Launched and connected shader compiler UnityShaderCompiler.exe after 0.18 seconds
Refreshing native plugins compatible for Editor in 0.64 ms, found 1 plugins.
Preloading 0 native plugins for Editor in 0.00 ms.
Unloading 1711 Unused Serialized files (Serialized files now loaded: 0)
System memory in use before: 83.5 MB.
System memory in use after: 83.5 MB.

Unloading 24 unused Assets to reduce memory usage. Loaded Objects now: 2154.
Total: 4.587800 ms (FindLiveObjects: 0.402600 ms CreateObjectMapping: 0.153300 ms MarkObjects: 3.734000 ms  DeleteObjects: 0.295900 ms)

========================================================================
Received Import Request.
  path: Assets/Sprites
  artifactKey: Guid(e29e4c3a7fa1f714885349cdff45f09e) Importer(815301076,1909f56bfc062723c751e8b465ee728b)
Start importing Assets/Sprites using Guid(e29e4c3a7fa1f714885349cdff45f09e) Importer(815301076,1909f56bfc062723c751e8b465ee728b)  -> (artifact id: 'f0f182914c145a5c0ca2163ea7a48fd6') in 0.015092 seconds
  Import took 0.050327 seconds .

========================================================================
Received Import Request.
  Time since last request: 0.000778 seconds.
  path: Assets/Sprites/Round.png
  artifactKey: Guid(5600ec7f021c2c34eb3f3c26f12e4d93) Importer(815301076,1909f56bfc062723c751e8b465ee728b)
Start importing Assets/Sprites/Round.png using Guid(5600ec7f021c2c34eb3f3c26f12e4d93) Importer(815301076,1909f56bfc062723c751e8b465ee728b)  -> (artifact id: '1a9fd96fd940145f55630a0004cca027') in 0.331324 seconds
  Import took 0.362483 seconds .

========================================================================
Received Import Request.
  Time since last request: 0.000523 seconds.
  path: Assets/Prefabs/Obstacles/Ball.png
  artifactKey: Guid(c7f71c0df2bd1e74ba3bdc7af64a6598) Importer(815301076,1909f56bfc062723c751e8b465ee728b)
Start importing Assets/Prefabs/Obstacles/Ball.png using Guid(c7f71c0df2bd1e74ba3bdc7af64a6598) Importer(815301076,1909f56bfc062723c751e8b465ee728b)  -> (artifact id: 'e1ed16268ec69160e17f1e19398de230') in 0.020005 seconds
  Import took 0.029729 seconds .

========================================================================
Received Import Request.
  Time since last request: 0.000470 seconds.
  path: Assets/Sprites/Background 1.png
  artifactKey: Guid(83f9e6a673e07f6419d7684b6b924719) Importer(815301076,1909f56bfc062723c751e8b465ee728b)
Start importing Assets/Sprites/Background 1.png using Guid(83f9e6a673e07f6419d7684b6b924719) Importer(815301076,1909f56bfc062723c751e8b465ee728b)  -> (artifact id: '900b322e633d99f09aec0edd134c79af') in 0.024323 seconds
  Import took 0.033575 seconds .

========================================================================
Received Import Request.
  Time since last request: 0.000406 seconds.
  path: Assets/Sprites/rainBall.png
  artifactKey: Guid(63b4a32463c2fde498e856d773c65d11) Importer(815301076,1909f56bfc062723c751e8b465ee728b)
Start importing Assets/Sprites/rainBall.png using Guid(63b4a32463c2fde498e856d773c65d11) Importer(815301076,1909f56bfc062723c751e8b465ee728b)  -> (artifact id: '824387ae5932a4c400eb7282ab2641f4') in 0.030938 seconds
  Import took 0.043435 seconds .

========================================================================
Received Import Request.
  Time since last request: 0.000452 seconds.
  path: Assets/Sprites/Finger Rush.png
  artifactKey: Guid(b8bcab27b71456d4b815a8d8833a9c04) Importer(815301076,1909f56bfc062723c751e8b465ee728b)
Start importing Assets/Sprites/Finger Rush.png using Guid(b8bcab27b71456d4b815a8d8833a9c04) Importer(815301076,1909f56bfc062723c751e8b465ee728b)  -> (artifact id: '416f121856683d50aa89150816fdc6e1') in 0.032572 seconds
  Import took 0.050554 seconds .

========================================================================
Received Import Request.
  Time since last request: 0.000484 seconds.
  path: Assets/Sprites/settings_only1.png
  artifactKey: Guid(96a3a46f7473e3f4eabe0f4a5ae5cdc2) Importer(815301076,1909f56bfc062723c751e8b465ee728b)
Start importing Assets/Sprites/settings_only1.png using Guid(96a3a46f7473e3f4eabe0f4a5ae5cdc2) Importer(815301076,1909f56bfc062723c751e8b465ee728b)  -> (artifact id: '2a343ddf11be4aa6bfba25fe0be5d5db') in 0.070119 seconds
  Import took 0.078002 seconds .

========================================================================
Received Import Request.
  Time since last request: 0.000496 seconds.
  path: Assets/Prefabs/Obstacles/Rectangle 1.png
  artifactKey: Guid(684d4799de51d21489a25c918cf7da72) Importer(815301076,1909f56bfc062723c751e8b465ee728b)
Start importing Assets/Prefabs/Obstacles/Rectangle 1.png using Guid(684d4799de51d21489a25c918cf7da72) Importer(815301076,1909f56bfc062723c751e8b465ee728b)  -> (artifact id: 'db37c50187b9a33f29c26f0af2d169da') in 0.014189 seconds
  Import took 0.029716 seconds .

========================================================================
Received Import Request.
  Time since last request: 0.000453 seconds.
  path: Assets/Sprites/Layer 1 copy.png
  artifactKey: Guid(eece5fef30f000840912337b1ecd1f23) Importer(815301076,1909f56bfc062723c751e8b465ee728b)
Start importing Assets/Sprites/Layer 1 copy.png using Guid(eece5fef30f000840912337b1ecd1f23) Importer(815301076,1909f56bfc062723c751e8b465ee728b)  -> (artifact id: '590cef2a27d95ad3d06dc81c4cbfbbc7') in 0.023049 seconds
  Import took 0.027241 seconds .

========================================================================
Received Import Request.
  Time since last request: 0.000474 seconds.
  path: Assets/Sprites/Background.png
  artifactKey: Guid(8dd01325b12de3d46a649bf415691c13) Importer(815301076,1909f56bfc062723c751e8b465ee728b)
Start importing Assets/Sprites/Background.png using Guid(8dd01325b12de3d46a649bf415691c13) Importer(815301076,1909f56bfc062723c751e8b465ee728b)  -> (artifact id: '4564c99e0588217ac0249dfbc2f36109') in 0.044301 seconds
  Import took 0.048788 seconds .

========================================================================
Received Import Request.
  Time since last request: 0.000611 seconds.
  path: Assets/Sprites/Done.png
  artifactKey: Guid(d148209b95d5a174687ea675e77e5f7b) Importer(815301076,1909f56bfc062723c751e8b465ee728b)
Start importing Assets/Sprites/Done.png using Guid(d148209b95d5a174687ea675e77e5f7b) Importer(815301076,1909f56bfc062723c751e8b465ee728b)  -> (artifact id: '07c1342850f766c68a7a00e4c0280a46') in 0.035187 seconds
  Import took 0.039443 seconds .

========================================================================
Received Import Request.
  Time since last request: 0.000439 seconds.
  path: Assets/Sprites/MUSIC_edited.png
  artifactKey: Guid(a9ebfa0c3ab008b4d8538aca6659302c) Importer(815301076,1909f56bfc062723c751e8b465ee728b)
Start importing Assets/Sprites/MUSIC_edited.png using Guid(a9ebfa0c3ab008b4d8538aca6659302c) Importer(815301076,1909f56bfc062723c751e8b465ee728b)  -> (artifact id: 'decc8d6ee7189754145c08a3c0834d28') in 0.016578 seconds
  Import took 0.020007 seconds .

========================================================================
Received Import Request.
  Time since last request: 0.000443 seconds.
  path: Assets/Sprites/zigzag.png
  artifactKey: Guid(4a5cfb2ba9bb38d4ab3b6aa5c6e0318d) Importer(815301076,1909f56bfc062723c751e8b465ee728b)
Start importing Assets/Sprites/zigzag.png using Guid(4a5cfb2ba9bb38d4ab3b6aa5c6e0318d) Importer(815301076,1909f56bfc062723c751e8b465ee728b)  -> (artifact id: '609312da05669007f9d6bfa37e8b7b5d') in 0.021467 seconds
  Import took 0.025503 seconds .

========================================================================
Received Import Request.
  Time since last request: 0.000439 seconds.
  path: Assets/Sprites/Layer 1.png
  artifactKey: Guid(84179d9d30a13af4ea58a5686635a86c) Importer(815301076,1909f56bfc062723c751e8b465ee728b)
Start importing Assets/Sprites/Layer 1.png using Guid(84179d9d30a13af4ea58a5686635a86c) Importer(815301076,1909f56bfc062723c751e8b465ee728b)  -> (artifact id: '6097bbf90a8b0c38bcd46a0b35d94a34') in 0.028516 seconds
  Import took 0.032102 seconds .

========================================================================
Received Import Request.
  Time since last request: 0.000411 seconds.
  path: Assets/Sprites/Are You Sure _.png
  artifactKey: Guid(3aaa80101b2bdd74fb40de044e5931cc) Importer(815301076,1909f56bfc062723c751e8b465ee728b)
Start importing Assets/Sprites/Are You Sure _.png using Guid(3aaa80101b2bdd74fb40de044e5931cc) Importer(815301076,1909f56bfc062723c751e8b465ee728b)  -> (artifact id: '2906486a5b0bce01fbb5c899a4152ae9') in 0.016185 seconds
  Import took 0.019606 seconds .

========================================================================
Received Import Request.
  Time since last request: 0.000450 seconds.
  path: Assets/Sprites/Player.png
  artifactKey: Guid(70cfcaa7e4abd7d44bdeaf9a78c2fe43) Importer(815301076,1909f56bfc062723c751e8b465ee728b)
Start importing Assets/Sprites/Player.png using Guid(70cfcaa7e4abd7d44bdeaf9a78c2fe43) Importer(815301076,1909f56bfc062723c751e8b465ee728b)  -> (artifact id: '8dc64a09f051202ee93aaf2df405aa0c') in 0.028348 seconds
  Import took 0.041571 seconds .

========================================================================
Received Import Request.
  Time since last request: 0.000436 seconds.
  path: Assets/Sprites/Settings.png
  artifactKey: Guid(d408e863294bb0e479b8d4b1f44ef4bb) Importer(815301076,1909f56bfc062723c751e8b465ee728b)
Start importing Assets/Sprites/Settings.png using Guid(d408e863294bb0e479b8d4b1f44ef4bb) Importer(815301076,1909f56bfc062723c751e8b465ee728b)  -> (artifact id: '84af4cdb73fb79e6482114bf2b5a4e7f') in 0.027465 seconds
  Import took 0.031442 seconds .

========================================================================
Received Import Request.
  Time since last request: 0.000396 seconds.
  path: Assets/Sprites/MUSIC.png
  artifactKey: Guid(8f2e2bc4124e3954ea50e74db47b63e1) Importer(815301076,1909f56bfc062723c751e8b465ee728b)
Start importing Assets/Sprites/MUSIC.png using Guid(8f2e2bc4124e3954ea50e74db47b63e1) Importer(815301076,1909f56bfc062723c751e8b465ee728b)  -> (artifact id: '616470074a139bfca8de381ecbfca9df') in 0.135872 seconds
  Import took 0.153539 seconds .

========================================================================
Received Import Request.
  Time since last request: 0.000509 seconds.
  path: Assets/Sprites/slab-right.png
  artifactKey: Guid(b093cf601404bab4aa9cb3ea5c2633f2) Importer(815301076,1909f56bfc062723c751e8b465ee728b)
Start importing Assets/Sprites/slab-right.png using Guid(b093cf601404bab4aa9cb3ea5c2633f2) Importer(815301076,1909f56bfc062723c751e8b465ee728b)  -> (artifact id: '8f25ecb380a2a48ff4ed698b2c6e372b') in 0.019961 seconds
  Import took 0.024597 seconds .

========================================================================
Received Import Request.
  Time since last request: 0.000538 seconds.
  path: Assets/Sprites/slab-left.png
  artifactKey: Guid(ea3ef9deb6e524a47ad5e56ccc5e2a3d) Importer(815301076,1909f56bfc062723c751e8b465ee728b)
Start importing Assets/Sprites/slab-left.png using Guid(ea3ef9deb6e524a47ad5e56ccc5e2a3d) Importer(815301076,1909f56bfc062723c751e8b465ee728b)  -> (artifact id: 'af6876cf861005494b98bfc0b611004f') in 0.070274 seconds
  Import took 0.075552 seconds .

========================================================================
Received Import Request.
  Time since last request: 0.000427 seconds.
  path: Assets/Sprites/X copy.png
  artifactKey: Guid(d0e5076ef36f56e4aade0ee0bb1a5d6c) Importer(815301076,1909f56bfc062723c751e8b465ee728b)
Start importing Assets/Sprites/X copy.png using Guid(d0e5076ef36f56e4aade0ee0bb1a5d6c) Importer(815301076,1909f56bfc062723c751e8b465ee728b)  -> (artifact id: 'f52712c795b71de09d023c83ebb4a0c0') in 0.047142 seconds
  Import took 0.052310 seconds .

========================================================================
Received Prepare
Registering precompiled user dll's ...
Registered in 0.001483 seconds.
Begin MonoManager ReloadAssembly
Native extension for LinuxStandalone target not found
Native extension for WindowsStandalone target not found
Native extension for OSXStandalone target not found
Native extension for WebGL target not found
Refreshing native plugins compatible for Editor in 0.50 ms, found 1 plugins.
Preloading 0 native plugins for Editor in 0.00 ms.
Invoked RoslynAnalysisRunner static constructor.
RoslynAnalysisRunner will not be running.
RoslynAnalysisRunner has terminated.
Mono: successfully reloaded assembly
- Completed reload, in  1.837 seconds
Platform modules already initialized, skipping
Refreshing native plugins compatible for Editor in 0.83 ms, found 1 plugins.
Preloading 0 native plugins for Editor in 0.00 ms.
Unloading 1695 Unused Serialized files (Serialized files now loaded: 0)
System memory in use before: 85.8 MB.
System memory in use after: 85.8 MB.

Unloading 12 unused Assets to reduce memory usage. Loaded Objects now: 2188.
Total: 3.474800 ms (FindLiveObjects: 0.510700 ms CreateObjectMapping: 0.295800 ms MarkObjects: 2.492000 ms  DeleteObjects: 0.172100 ms)

AssetImportWorkerClient::OnTransportError - code=2 error=End of file
